<?xml version="1.0" encoding="UTF-8"?>
<!-- Generated by org.testng.reporters.JUnitReportReporter -->
<testsuite hostname="MacBook-Pro.local" failures="0" tests="3" name="com.qa.opencart.tests.RegistrationPageTest" time="12.550" errors="0" timestamp="2025-09-18T07:13:30 IST" skipped="0">
  <testcase classname="com.qa.opencart.tests.RegistrationPageTest" name="userResgistrationTest" time="4.267"/>
  <system-out/>
  <testcase classname="com.qa.opencart.tests.RegistrationPageTest" name="userResgistrationTest" time="2.974"/>
  <system-out/>
  <testcase classname="com.qa.opencart.tests.RegistrationPageTest" name="userResgistrationTest" time="5.309"/>
  <system-out/>
</testsuite> <!-- com.qa.opencart.tests.RegistrationPageTest -->
