<?xml version="1.0" encoding="UTF-8"?>
<!-- Generated by org.testng.reporters.JUnitReportReporter -->
<testsuite hostname="MacBook-Pro.local" failures="0" tests="3" name="com.qa.opencart.tests.SearchResultsPageTest" time="6.645" errors="0" timestamp="2025-10-03T23:36:24 IST" skipped="0">
  <testcase classname="com.qa.opencart.tests.SearchResultsPageTest" name="searchPageHeadertest" time="1.917"/>
  <system-out/>
  <testcase classname="com.qa.opencart.tests.SearchResultsPageTest" name="searchResultsTest" time="1.128"/>
  <system-out/>
  <testcase classname="com.qa.opencart.tests.SearchResultsPageTest" name="selectProductTest" time="3.600"/>
  <system-out/>
</testsuite> <!-- com.qa.opencart.tests.SearchResultsPageTest -->
