<?xml version="1.0" encoding="UTF-8"?>
<!-- Generated by org.testng.reporters.JUnitReportReporter -->
<testsuite hostname="Sachins-MacBook-Pro.local" failures="0" tests="4" name="com.qa.opencart.tests.LoginPageTest" time="1.926" errors="0" timestamp="2025-09-11T12:02:55 IST" skipped="0">
  <testcase classname="com.qa.opencart.tests.LoginPageTest" name="loginPageURLTest" time="0.055"/>
  <system-out/>
  <testcase classname="com.qa.opencart.tests.LoginPageTest" name="forgotPswLinkExist" time="0.072"/>
  <system-out/>
  <testcase classname="com.qa.opencart.tests.LoginPageTest" name="loginPageTitleTest" time="0.063"/>
  <system-out/>
  <testcase classname="com.qa.opencart.tests.LoginPageTest" name="dologinTest" time="1.736"/>
  <system-out/>
</testsuite> <!-- com.qa.opencart.tests.LoginPageTest -->
