<?xml version="1.0" encoding="UTF-8"?>
<!-- Generated by org.testng.reporters.JUnitReportReporter -->
<testsuite hostname="Sachins-MacBook-Pro.local" failures="0" tests="3" name="com.qa.opencart.tests.RegistrationPageTest" time="53.756" errors="0" timestamp="2025-09-26T06:51:55 IST" skipped="0">
  <testcase classname="com.qa.opencart.tests.RegistrationPageTest" name="userResgistrationTest" time="21.044"/>
  <system-out/>
  <testcase classname="com.qa.opencart.tests.RegistrationPageTest" name="userResgistrationTest" time="15.829"/>
  <system-out/>
  <testcase classname="com.qa.opencart.tests.RegistrationPageTest" name="userResgistrationTest" time="16.883"/>
  <system-out/>
</testsuite> <!-- com.qa.opencart.tests.RegistrationPageTest -->
