<?xml version="1.0" encoding="UTF-8"?>
<!-- Generated by org.testng.reporters.JUnitReportReporter -->
<testsuite hostname="Sachins-MacBook-Pro.local" failures="0" tests="2" name="com.qa.opencart.tests.SearchResultsPageTest" time="5.261" errors="0" timestamp="2025-09-12T23:24:23 IST" skipped="0">
  <testcase classname="com.qa.opencart.tests.SearchResultsPageTest" name="searchResultsTest" time="5.197"/>
  <system-out/>
  <testcase classname="com.qa.opencart.tests.SearchResultsPageTest" name="searchPageHeadertest" time="0.064"/>
  <system-out/>
</testsuite> <!-- com.qa.opencart.tests.SearchResultsPageTest -->
