<?xml version="1.0" encoding="UTF-8"?>
<!-- Generated by org.testng.reporters.JUnitReportReporter -->
<testsuite hostname="MacBook-Pro.local" failures="0" tests="3" name="com.qa.opencart.tests.SearchResultsPageTest" time="22.796" errors="0" timestamp="2025-09-30T13:32:57 IST" skipped="0">
  <testcase classname="com.qa.opencart.tests.SearchResultsPageTest" name="searchPageHeadertest" time="7.835"/>
  <system-out/>
  <testcase classname="com.qa.opencart.tests.SearchResultsPageTest" name="selectProductTest" time="8.516"/>
  <system-out/>
  <testcase classname="com.qa.opencart.tests.SearchResultsPageTest" name="searchResultsTest" time="6.445"/>
  <system-out/>
</testsuite> <!-- com.qa.opencart.tests.SearchResultsPageTest -->
