<?xml version="1.0" encoding="UTF-8"?>
<!-- Generated by org.testng.reporters.JUnitReportReporter -->
<testsuite hostname="MacBook-Pro.local" failures="0" tests="3" name="com.qa.opencart.tests.RegistrationPageTest" time="12.539" errors="0" timestamp="2025-10-12T22:51:21 IST" skipped="0">
  <testcase classname="com.qa.opencart.tests.RegistrationPageTest" name="userResgistrationTest" time="6.817"/>
  <system-out/>
  <testcase classname="com.qa.opencart.tests.RegistrationPageTest" name="userResgistrationTest" time="2.373"/>
  <system-out/>
  <testcase classname="com.qa.opencart.tests.RegistrationPageTest" name="userResgistrationTest" time="3.349"/>
  <system-out/>
</testsuite> <!-- com.qa.opencart.tests.RegistrationPageTest -->
