<?xml version="1.0" encoding="UTF-8"?>
<!-- Generated by org.testng.reporters.JUnitReportReporter -->
<testsuite hostname="Sachins-MacBook-Pro.local" failures="0" tests="3" name="com.qa.opencart.tests.SearchResultsPageTest" time="5.504" errors="0" timestamp="2025-09-26T12:24:02 IST" skipped="0">
  <testcase classname="com.qa.opencart.tests.SearchResultsPageTest" name="searchResultsTest" time="1.560"/>
  <system-out/>
  <testcase classname="com.qa.opencart.tests.SearchResultsPageTest" name="searchPageHeadertest" time="1.512"/>
  <system-out/>
  <testcase classname="com.qa.opencart.tests.SearchResultsPageTest" name="selectProductTest" time="2.432"/>
  <system-out/>
</testsuite> <!-- com.qa.opencart.tests.SearchResultsPageTest -->
